2026-03-09 19:42:46,010 INFO - [nn2opt] evaluating 14 instances from runs\data\tsplib\processed
2026-03-09 19:42:50,427 INFO - [nn2opt] saved runs\baselines\nn2opt\eval_tsplib.json
2026-03-09 19:42:50,431 INFO - [dist_greedy2opt] evaluating 14 instances from runs\data\tsplib\processed
2026-03-09 19:42:55,462 INFO - [dist_greedy2opt] saved runs\baselines\dist_greedy2opt\eval_tsplib.json
2026-03-09 19:42:55,466 INFO - [baseline] summary saved runs\baselines\summary.csv
2026-03-15 14:40:41,466 INFO - [nn2opt] evaluating 14 instances from runs\data\tsplib\processed
2026-03-15 14:40:45,895 INFO - [nn2opt] saved runs\baselines\nn2opt\eval_tsplib.json
2026-03-15 14:40:45,896 INFO - [dist_greedy2opt] evaluating 14 instances from runs\data\tsplib\processed
2026-03-15 14:40:50,791 INFO - [dist_greedy2opt] saved runs\baselines\dist_greedy2opt\eval_tsplib.json
2026-03-15 14:40:50,792 INFO - [baseline] summary saved runs\baselines\summary.csv
2026-03-15 19:00:33,901 INFO - [nn2opt] evaluating 14 instances from runs\data\tsplib\processed
2026-03-15 19:00:37,047 INFO - [nn2opt] saved runs\baselines\fair_baseline\nn2opt\eval_tsplib.json
2026-03-15 19:00:37,048 INFO - [dist_greedy2opt] evaluating 14 instances from runs\data\tsplib\processed
2026-03-15 19:00:40,982 INFO - [dist_greedy2opt] saved runs\baselines\fair_baseline\dist_greedy2opt\eval_tsplib.json
2026-03-15 19:00:40,983 INFO - [baseline] summary saved runs\baselines\fair_baseline\summary.csv
2026-03-15 19:00:43,966 INFO - [nn2opt] evaluating 14 instances from runs\data\tsplib\processed
2026-03-15 19:00:50,498 INFO - [nn2opt] saved runs\baselines\fair_optimized\nn2opt\eval_tsplib.json
2026-03-15 19:00:50,500 INFO - [dist_greedy2opt] evaluating 14 instances from runs\data\tsplib\processed
2026-03-15 19:02:05,875 INFO - [dist_greedy2opt] saved runs\baselines\fair_optimized\dist_greedy2opt\eval_tsplib.json
2026-03-15 19:02:05,876 INFO - [baseline] summary saved runs\baselines\fair_optimized\summary.csv
2026-03-15 19:25:58,530 INFO - [nn2opt] evaluating 14 instances from runs\data\tsplib\processed
2026-03-15 19:25:58,538 INFO - [nn2opt] evaluating 14 instances from runs\data\tsplib\processed
2026-03-15 19:26:02,650 INFO - [nn2opt] saved runs\baselines\fair_baseline\nn2opt\eval_tsplib.json
2026-03-15 19:26:02,650 INFO - [dist_greedy2opt] evaluating 14 instances from runs\data\tsplib\processed
2026-03-15 19:26:06,329 INFO - [nn2opt] saved runs\baselines\fair_optimized\nn2opt\eval_tsplib.json
2026-03-15 19:26:06,330 INFO - [dist_greedy2opt] evaluating 14 instances from runs\data\tsplib\processed
2026-03-15 19:26:06,905 INFO - [dist_greedy2opt] saved runs\baselines\fair_baseline\dist_greedy2opt\eval_tsplib.json
2026-03-15 19:26:06,906 INFO - [baseline] summary saved runs\baselines\fair_baseline\summary.csv
2026-03-15 19:27:08,799 INFO - [dist_greedy2opt] saved runs\baselines\fair_optimized\dist_greedy2opt\eval_tsplib.json
2026-03-15 19:27:08,800 INFO - [baseline] summary saved runs\baselines\fair_optimized\summary.csv
