2026-02-09 19:27:40,991 INFO - [gen] tour_solver=concorde
2026-02-09 19:27:40,998 INFO - [gen] N=20 split=train count=5000 workers=8
2026-02-09 19:28:51,685 INFO -   wrote 5000 files to runs/data/synthetic_concorde_v1/train/N20

2026-02-09 19:28:51,690 INFO - [gen] N=20 split=val count=1000 workers=8
2026-02-09 19:29:06,591 INFO -   wrote 1000 files to runs/data/synthetic_concorde_v1/val/N20

2026-02-09 19:29:06,596 INFO - [gen] N=20 split=test count=1000 workers=8
2026-02-09 19:29:19,900 INFO -   wrote 1000 files to runs/data/synthetic_concorde_v1/test/N20

2026-02-09 19:29:19,903 INFO - [gen] N=30 split=train count=5000 workers=8
2026-02-09 19:30:37,382 INFO -   wrote 5000 files to runs/data/synthetic_concorde_v1/train/N30

2026-02-09 19:30:37,385 INFO - [gen] N=30 split=val count=1000 workers=8
2026-02-09 19:30:53,941 INFO -   wrote 1000 files to runs/data/synthetic_concorde_v1/val/N30

2026-02-09 19:30:53,943 INFO - [gen] N=30 split=test count=1000 workers=8
2026-02-09 19:31:07,562 INFO -   wrote 1000 files to runs/data/synthetic_concorde_v1/test/N30

2026-02-09 19:31:07,564 INFO - [gen] N=40 split=train count=5000 workers=8
2026-02-09 19:32:33,309 INFO -   wrote 5000 files to runs/data/synthetic_concorde_v1/train/N40

2026-02-09 19:32:33,313 INFO - [gen] N=40 split=val count=1000 workers=8
2026-02-09 19:32:48,856 INFO -   wrote 1000 files to runs/data/synthetic_concorde_v1/val/N40

2026-02-09 19:32:48,859 INFO - [gen] N=40 split=test count=1000 workers=8
2026-02-09 19:33:07,672 INFO -   wrote 1000 files to runs/data/synthetic_concorde_v1/test/N40

2026-02-09 19:33:07,675 INFO - [gen] N=50 split=train count=5000 workers=8
2026-02-09 19:34:44,012 INFO -   wrote 5000 files to runs/data/synthetic_concorde_v1/train/N50

2026-02-09 19:34:44,015 INFO - [gen] N=50 split=val count=1000 workers=8
2026-02-09 19:35:05,604 INFO -   wrote 1000 files to runs/data/synthetic_concorde_v1/val/N50

2026-02-09 19:35:05,607 INFO - [gen] N=50 split=test count=1000 workers=8
2026-02-09 19:35:27,048 INFO -   wrote 1000 files to runs/data/synthetic_concorde_v1/test/N50

2026-02-09 19:35:27,052 INFO - [gen] N=60 split=train count=5000 workers=8
2026-02-09 19:37:22,932 INFO -   wrote 5000 files to runs/data/synthetic_concorde_v1/train/N60

2026-02-09 19:37:22,934 INFO - [gen] N=60 split=val count=1000 workers=8
2026-02-09 19:37:43,241 INFO -   wrote 1000 files to runs/data/synthetic_concorde_v1/val/N60

2026-02-09 19:37:43,244 INFO - [gen] N=60 split=test count=1000 workers=8
2026-02-09 19:38:09,070 INFO -   wrote 1000 files to runs/data/synthetic_concorde_v1/test/N60

2026-02-09 19:38:09,073 INFO - [gen] N=70 split=train count=5000 workers=8
2026-02-09 19:40:21,280 INFO -   wrote 5000 files to runs/data/synthetic_concorde_v1/train/N70

2026-02-09 19:40:21,282 INFO - [gen] N=70 split=val count=1000 workers=8
2026-02-09 19:40:47,922 INFO -   wrote 1000 files to runs/data/synthetic_concorde_v1/val/N70

2026-02-09 19:40:47,925 INFO - [gen] N=70 split=test count=1000 workers=8
2026-02-09 19:41:13,355 INFO -   wrote 1000 files to runs/data/synthetic_concorde_v1/test/N70

2026-02-09 19:41:13,358 INFO - [gen] N=80 split=train count=5000 workers=8
2026-02-09 19:43:50,449 INFO -   wrote 5000 files to runs/data/synthetic_concorde_v1/train/N80

2026-02-09 19:43:50,452 INFO - [gen] N=80 split=val count=1000 workers=8
2026-02-09 19:44:26,981 INFO -   wrote 1000 files to runs/data/synthetic_concorde_v1/val/N80

2026-02-09 19:44:26,984 INFO - [gen] N=80 split=test count=1000 workers=8
2026-02-09 19:44:56,207 INFO -   wrote 1000 files to runs/data/synthetic_concorde_v1/test/N80

2026-02-09 19:44:56,211 INFO - [gen] N=90 split=train count=5000 workers=8
2026-02-09 19:48:17,087 INFO -   wrote 5000 files to runs/data/synthetic_concorde_v1/train/N90

2026-02-09 19:48:17,090 INFO - [gen] N=90 split=val count=1000 workers=8
2026-02-09 19:49:04,497 INFO -   wrote 1000 files to runs/data/synthetic_concorde_v1/val/N90

2026-02-09 19:49:04,501 INFO - [gen] N=90 split=test count=1000 workers=8
2026-02-09 19:49:43,170 INFO -   wrote 1000 files to runs/data/synthetic_concorde_v1/test/N90

2026-02-09 19:49:43,173 INFO - [gen] N=100 split=train count=5000 workers=8
2026-02-09 19:53:47,847 INFO -   wrote 5000 files to runs/data/synthetic_concorde_v1/train/N100

2026-02-09 19:53:47,850 INFO - [gen] N=100 split=val count=1000 workers=8
2026-02-09 19:54:34,273 INFO -   wrote 1000 files to runs/data/synthetic_concorde_v1/val/N100

2026-02-09 19:54:34,276 INFO - [gen] N=100 split=test count=1000 workers=8
2026-02-09 19:55:32,710 INFO -   wrote 1000 files to runs/data/synthetic_concorde_v1/test/N100

2026-02-09 20:02:07,297 INFO - [gen] tour_solver=concorde concorde_require_optimal_proof=True
2026-02-09 20:02:07,305 INFO - [gen] N=20 split=train count=5000 workers=8
2026-02-09 20:03:21,220 INFO -   wrote 5000 files to runs/data/synthetic_concorde_v1/train/N20

2026-02-09 20:03:21,225 INFO - [gen] N=20 split=val count=1000 workers=8
2026-02-09 20:03:33,862 INFO -   wrote 1000 files to runs/data/synthetic_concorde_v1/val/N20

2026-02-09 20:03:33,867 INFO - [gen] N=20 split=test count=1000 workers=8
2026-02-09 20:03:46,307 INFO -   wrote 1000 files to runs/data/synthetic_concorde_v1/test/N20

2026-02-09 20:03:46,309 INFO - [gen] N=30 split=train count=5000 workers=8
2026-02-09 20:05:05,064 INFO -   wrote 5000 files to runs/data/synthetic_concorde_v1/train/N30

2026-02-09 20:05:05,067 INFO - [gen] N=30 split=val count=1000 workers=8
2026-02-09 20:05:18,306 INFO -   wrote 1000 files to runs/data/synthetic_concorde_v1/val/N30

2026-02-09 20:05:18,309 INFO - [gen] N=30 split=test count=1000 workers=8
2026-02-09 20:05:32,496 INFO -   wrote 1000 files to runs/data/synthetic_concorde_v1/test/N30

2026-02-09 20:05:32,498 INFO - [gen] N=40 split=train count=5000 workers=8
2026-02-09 20:07:00,320 INFO -   wrote 5000 files to runs/data/synthetic_concorde_v1/train/N40

2026-02-09 20:07:00,323 INFO - [gen] N=40 split=val count=1000 workers=8
2026-02-09 20:07:15,387 INFO -   wrote 1000 files to runs/data/synthetic_concorde_v1/val/N40

2026-02-09 20:07:15,390 INFO - [gen] N=40 split=test count=1000 workers=8
2026-02-09 20:07:34,909 INFO -   wrote 1000 files to runs/data/synthetic_concorde_v1/test/N40

2026-02-09 20:07:34,913 INFO - [gen] N=50 split=train count=5000 workers=8
2026-02-09 20:09:16,629 INFO -   wrote 5000 files to runs/data/synthetic_concorde_v1/train/N50

2026-02-09 20:09:16,633 INFO - [gen] N=50 split=val count=1000 workers=8
2026-02-09 20:09:34,993 INFO -   wrote 1000 files to runs/data/synthetic_concorde_v1/val/N50

2026-02-09 20:09:34,995 INFO - [gen] N=50 split=test count=1000 workers=8
2026-02-09 20:09:56,495 INFO -   wrote 1000 files to runs/data/synthetic_concorde_v1/test/N50

2026-02-09 20:09:56,498 INFO - [gen] N=60 split=train count=5000 workers=8
2026-02-09 20:11:49,832 INFO -   wrote 5000 files to runs/data/synthetic_concorde_v1/train/N60

2026-02-09 20:11:49,834 INFO - [gen] N=60 split=val count=1000 workers=8
2026-02-09 20:12:09,801 INFO -   wrote 1000 files to runs/data/synthetic_concorde_v1/val/N60

2026-02-09 20:12:09,804 INFO - [gen] N=60 split=test count=1000 workers=8
2026-02-09 20:12:34,512 INFO -   wrote 1000 files to runs/data/synthetic_concorde_v1/test/N60

2026-02-09 20:12:34,515 INFO - [gen] N=70 split=train count=5000 workers=8
2026-02-09 20:14:48,960 INFO -   wrote 5000 files to runs/data/synthetic_concorde_v1/train/N70

2026-02-09 20:14:48,962 INFO - [gen] N=70 split=val count=1000 workers=8
2026-02-09 20:15:14,276 INFO -   wrote 1000 files to runs/data/synthetic_concorde_v1/val/N70

2026-02-09 20:15:14,279 INFO - [gen] N=70 split=test count=1000 workers=8
2026-02-09 20:15:41,462 INFO -   wrote 1000 files to runs/data/synthetic_concorde_v1/test/N70

2026-02-09 20:15:41,466 INFO - [gen] N=80 split=train count=5000 workers=8
2026-02-09 20:18:22,383 INFO -   wrote 5000 files to runs/data/synthetic_concorde_v1/train/N80

2026-02-09 20:18:22,386 INFO - [gen] N=80 split=val count=1000 workers=8
2026-02-09 20:18:58,216 INFO -   wrote 1000 files to runs/data/synthetic_concorde_v1/val/N80

2026-02-09 20:18:58,220 INFO - [gen] N=80 split=test count=1000 workers=8
2026-02-09 20:19:29,944 INFO -   wrote 1000 files to runs/data/synthetic_concorde_v1/test/N80

2026-02-09 20:19:29,947 INFO - [gen] N=90 split=train count=5000 workers=8
2026-02-09 20:22:39,192 INFO -   wrote 5000 files to runs/data/synthetic_concorde_v1/train/N90

2026-02-09 20:22:39,196 INFO - [gen] N=90 split=val count=1000 workers=8
2026-02-09 20:23:17,293 INFO -   wrote 1000 files to runs/data/synthetic_concorde_v1/val/N90

2026-02-09 20:23:17,295 INFO - [gen] N=90 split=test count=1000 workers=8
2026-02-09 20:23:53,162 INFO -   wrote 1000 files to runs/data/synthetic_concorde_v1/test/N90

2026-02-09 20:23:53,165 INFO - [gen] N=100 split=train count=5000 workers=8
2026-02-09 20:27:49,825 INFO -   wrote 5000 files to runs/data/synthetic_concorde_v1/train/N100

2026-02-09 20:27:49,829 INFO - [gen] N=100 split=val count=1000 workers=8
2026-02-09 20:28:37,371 INFO -   wrote 1000 files to runs/data/synthetic_concorde_v1/val/N100

2026-02-09 20:28:37,374 INFO - [gen] N=100 split=test count=1000 workers=8
2026-02-09 20:29:32,313 INFO -   wrote 1000 files to runs/data/synthetic_concorde_v1/test/N100

2026-02-09 20:57:00,700 INFO - [gen] tour_solver=auto concorde_require_optimal_proof=False
2026-02-09 20:57:00,702 INFO - [gen] N=20 split=train count=5000 workers=8
2026-02-09 20:57:26,466 INFO -   wrote 5000 files to runs\data\synthetic\train\N20

2026-02-09 20:57:26,467 INFO - [gen] N=20 split=val count=1000 workers=8
2026-02-09 20:57:36,639 INFO -   wrote 1000 files to runs\data\synthetic\val\N20

2026-02-09 20:57:36,643 INFO - [gen] N=20 split=test count=1000 workers=8
2026-02-09 20:57:46,785 INFO -   wrote 1000 files to runs\data\synthetic\test\N20

2026-02-09 20:57:46,787 INFO - [gen] N=30 split=train count=5000 workers=8
2026-02-09 20:58:42,548 INFO -   wrote 5000 files to runs\data\synthetic\train\N30

2026-02-09 20:58:42,549 INFO - [gen] N=30 split=val count=1000 workers=8
2026-02-09 20:58:58,306 INFO -   wrote 1000 files to runs\data\synthetic\val\N30

2026-02-09 20:58:58,307 INFO - [gen] N=30 split=test count=1000 workers=8
2026-02-09 20:59:13,895 INFO -   wrote 1000 files to runs\data\synthetic\test\N30

2026-02-09 20:59:13,896 INFO - [gen] N=40 split=train count=5000 workers=8
2026-02-09 21:01:01,102 INFO -   wrote 5000 files to runs\data\synthetic\train\N40

2026-02-09 21:01:01,103 INFO - [gen] N=40 split=val count=1000 workers=8
2026-02-09 21:01:28,771 INFO -   wrote 1000 files to runs\data\synthetic\val\N40

2026-02-09 21:01:28,772 INFO - [gen] N=40 split=test count=1000 workers=8
2026-02-09 21:01:55,550 INFO -   wrote 1000 files to runs\data\synthetic\test\N40

2026-02-09 21:01:55,551 INFO - [gen] N=50 split=train count=5000 workers=8
2026-02-09 21:05:16,910 INFO -   wrote 5000 files to runs\data\synthetic\train\N50

2026-02-09 21:05:16,914 INFO - [gen] N=50 split=val count=1000 workers=8
2026-02-09 21:06:02,290 INFO -   wrote 1000 files to runs\data\synthetic\val\N50

2026-02-09 21:06:02,291 INFO - [gen] N=50 split=test count=1000 workers=8
2026-02-09 21:06:46,908 INFO -   wrote 1000 files to runs\data\synthetic\test\N50

2026-02-09 21:06:46,909 INFO - [gen] N=60 split=train count=5000 workers=8
2026-02-09 21:12:19,337 INFO -   wrote 5000 files to runs\data\synthetic\train\N60

2026-02-09 21:12:19,338 INFO - [gen] N=60 split=val count=1000 workers=8
2026-02-09 21:13:32,931 INFO -   wrote 1000 files to runs\data\synthetic\val\N60

2026-02-09 21:13:32,931 INFO - [gen] N=60 split=test count=1000 workers=8
2026-02-09 21:14:44,332 INFO -   wrote 1000 files to runs\data\synthetic\test\N60

2026-02-09 21:14:44,333 INFO - [gen] N=70 split=train count=5000 workers=8
2026-02-09 21:23:27,756 INFO -   wrote 5000 files to runs\data\synthetic\train\N70

2026-02-09 21:23:27,757 INFO - [gen] N=70 split=val count=1000 workers=8
2026-02-09 21:25:17,344 INFO -   wrote 1000 files to runs\data\synthetic\val\N70

2026-02-09 21:25:17,345 INFO - [gen] N=70 split=test count=1000 workers=8
2026-02-09 21:27:05,670 INFO -   wrote 1000 files to runs\data\synthetic\test\N70

2026-02-09 21:27:05,672 INFO - [gen] N=80 split=train count=5000 workers=8
2026-02-09 21:40:13,339 INFO -   wrote 5000 files to runs\data\synthetic\train\N80

2026-02-09 21:40:13,340 INFO - [gen] N=80 split=val count=1000 workers=8
2026-02-09 21:42:48,992 INFO -   wrote 1000 files to runs\data\synthetic\val\N80

2026-02-09 21:42:48,995 INFO - [gen] N=80 split=test count=1000 workers=8
2026-02-09 21:45:32,924 INFO -   wrote 1000 files to runs\data\synthetic\test\N80

2026-02-09 21:45:32,926 INFO - [gen] N=90 split=train count=5000 workers=8
2026-02-09 22:03:32,900 INFO -   wrote 5000 files to runs\data\synthetic\train\N90

2026-02-09 22:03:32,903 INFO - [gen] N=90 split=val count=1000 workers=8
2026-02-09 22:07:10,987 INFO -   wrote 1000 files to runs\data\synthetic\val\N90

2026-02-09 22:07:10,989 INFO - [gen] N=90 split=test count=1000 workers=8
2026-02-09 22:10:51,170 INFO -   wrote 1000 files to runs\data\synthetic\test\N90

2026-02-09 22:10:51,172 INFO - [gen] N=100 split=train count=5000 workers=8
2026-02-09 22:34:31,117 INFO -   wrote 5000 files to runs\data\synthetic\train\N100

2026-02-09 22:34:31,118 INFO - [gen] N=100 split=val count=1000 workers=8
2026-02-09 22:39:23,538 INFO -   wrote 1000 files to runs\data\synthetic\val\N100

2026-02-09 22:39:23,539 INFO - [gen] N=100 split=test count=1000 workers=8
2026-02-09 22:44:10,968 INFO -   wrote 1000 files to runs\data\synthetic\test\N100

